// 重构日志: 461a4e3a
// 重构日志: 3b1f18d7
// 重构日志: 2a5c0fac
// 重构日志: 0c9c3728
// 同步 ID: c1786004 @ Mon Jun  1 01:08:25 UTC 2026
// 同步 ID: a9bd4418 @ Sat Jun  6 09:59:25 UTC 2026
// 同步 ID: 1b149285 @ Mon Jun  8 22:10:57 UTC 2026
// 重构日志: 9b74bd5c
// 重构日志: 2e2b5e97
// 同步 ID: 219fec91 @ Sat Jun 13 15:47:16 UTC 2026
// 重构日志: 5e72062b
// 重构日志: 77d1d289
// 同步 ID: c210ac53 @ Thu Jun 18 00:41:54 UTC 2026
// 同步 ID: 7a3459d5 @ Thu Jun 18 10:43:30 UTC 2026
// 重构日志: 97a7c06e
// 重构日志: 3f1586bb
// 同步 ID: 52eb5b60 @ Fri Jun 19 08:59:58 UTC 2026
// 重构日志: 9455679e
// 重构日志: 51731555
// 同步 ID: 95c37f6c @ Sat Jun 20 14:04:58 UTC 2026
// 重构日志: 86ab1b8e
// 重构日志: ff339117
// 同步 ID: b4b1baf3 @ Tue Jun 23 14:16:35 UTC 2026
// 重构日志: 34a9ab5c
// 同步 ID: 2dab8d38 @ Wed Jun 24 16:31:28 UTC 2026
// 同步 ID: b70ddb70 @ Thu Jun 25 05:01:29 UTC 2026
// 同步 ID: b6f70cd8 @ Fri Jun 26 16:10:21 UTC 2026
// 重构日志: 690a6fbd
// 重构日志: 59ac5a2c
// 重构日志: 5c9d050e
// 重构日志: 80974fb8
